2025-07-02 05:55:14,762 [INFO] __main__ (main.py:16) - Running migrations...
2025-07-02 05:55:14,762 [INFO] __main__ (main.py:18) - Migrations completed.
2025-07-08 11:22:06,887 [DEBUG] passlib.utils.compat (__init__.py:449) - loaded lazy attr 'SafeConfigParser': <class 'configparser.ConfigParser'>
2025-07-08 11:22:06,888 [DEBUG] passlib.utils.compat (__init__.py:449) - loaded lazy attr 'NativeStringIO': <class '_io.StringIO'>
2025-07-08 11:22:06,888 [DEBUG] passlib.utils.compat (__init__.py:449) - loaded lazy attr 'BytesIO': <class '_io.BytesIO'>
2025-07-08 11:22:06,906 [DEBUG] passlib.registry (registry.py:296) - registered 'bcrypt' handler: <class 'passlib.handlers.bcrypt.bcrypt'>
2025-07-08 11:23:22,337 [DEBUG] passlib.utils.compat (__init__.py:449) - loaded lazy attr 'SafeConfigParser': <class 'configparser.ConfigParser'>
2025-07-08 11:23:22,337 [DEBUG] passlib.utils.compat (__init__.py:449) - loaded lazy attr 'NativeStringIO': <class '_io.StringIO'>
2025-07-08 11:23:22,338 [DEBUG] passlib.utils.compat (__init__.py:449) - loaded lazy attr 'BytesIO': <class '_io.BytesIO'>
2025-07-08 11:23:22,364 [DEBUG] passlib.registry (registry.py:296) - registered 'bcrypt' handler: <class 'passlib.handlers.bcrypt.bcrypt'>
2025-07-17 22:45:17,872 [DEBUG] passlib.utils.compat (__init__.py:449) - loaded lazy attr 'SafeConfigParser': <class 'configparser.ConfigParser'>
2025-07-17 22:45:17,872 [DEBUG] passlib.utils.compat (__init__.py:449) - loaded lazy attr 'NativeStringIO': <class '_io.StringIO'>
2025-07-17 22:45:17,872 [DEBUG] passlib.utils.compat (__init__.py:449) - loaded lazy attr 'BytesIO': <class '_io.BytesIO'>
2025-07-17 22:45:17,916 [DEBUG] passlib.registry (registry.py:296) - registered 'bcrypt' handler: <class 'passlib.handlers.bcrypt.bcrypt'>
2025-07-17 22:45:23,548 [DEBUG] passlib.utils.compat (__init__.py:449) - loaded lazy attr 'SafeConfigParser': <class 'configparser.ConfigParser'>
2025-07-17 22:45:23,548 [DEBUG] passlib.utils.compat (__init__.py:449) - loaded lazy attr 'NativeStringIO': <class '_io.StringIO'>
2025-07-17 22:45:23,548 [DEBUG] passlib.utils.compat (__init__.py:449) - loaded lazy attr 'BytesIO': <class '_io.BytesIO'>
2025-07-17 22:45:23,571 [DEBUG] passlib.registry (registry.py:296) - registered 'bcrypt' handler: <class 'passlib.handlers.bcrypt.bcrypt'>
2025-07-22 06:06:21,586 [DEBUG] passlib.utils.compat (__init__.py:449) - loaded lazy attr 'SafeConfigParser': <class 'configparser.ConfigParser'>
2025-07-22 06:06:21,586 [DEBUG] passlib.utils.compat (__init__.py:449) - loaded lazy attr 'NativeStringIO': <class '_io.StringIO'>
2025-07-22 06:06:21,586 [DEBUG] passlib.utils.compat (__init__.py:449) - loaded lazy attr 'BytesIO': <class '_io.BytesIO'>
2025-07-22 06:06:21,617 [DEBUG] passlib.registry (registry.py:296) - registered 'bcrypt' handler: <class 'passlib.handlers.bcrypt.bcrypt'>
2025-07-22 06:07:19,432 [DEBUG] passlib.utils.compat (__init__.py:449) - loaded lazy attr 'SafeConfigParser': <class 'configparser.ConfigParser'>
2025-07-22 06:07:19,433 [DEBUG] passlib.utils.compat (__init__.py:449) - loaded lazy attr 'NativeStringIO': <class '_io.StringIO'>
2025-07-22 06:07:19,433 [DEBUG] passlib.utils.compat (__init__.py:449) - loaded lazy attr 'BytesIO': <class '_io.BytesIO'>
2025-07-22 06:07:19,451 [DEBUG] passlib.registry (registry.py:296) - registered 'bcrypt' handler: <class 'passlib.handlers.bcrypt.bcrypt'>
2025-07-22 06:30:16,335 [DEBUG] passlib.utils.compat (__init__.py:449) - loaded lazy attr 'SafeConfigParser': <class 'configparser.ConfigParser'>
2025-07-22 06:30:16,336 [DEBUG] passlib.utils.compat (__init__.py:449) - loaded lazy attr 'NativeStringIO': <class '_io.StringIO'>
2025-07-22 06:30:16,336 [DEBUG] passlib.utils.compat (__init__.py:449) - loaded lazy attr 'BytesIO': <class '_io.BytesIO'>
2025-07-22 06:30:16,354 [DEBUG] passlib.registry (registry.py:296) - registered 'bcrypt' handler: <class 'passlib.handlers.bcrypt.bcrypt'>
2025-07-23 13:20:04,577 [DEBUG] passlib.utils.compat (__init__.py:449) - loaded lazy attr 'SafeConfigParser': <class 'configparser.ConfigParser'>
2025-07-23 13:20:04,577 [DEBUG] passlib.utils.compat (__init__.py:449) - loaded lazy attr 'NativeStringIO': <class '_io.StringIO'>
2025-07-23 13:20:04,577 [DEBUG] passlib.utils.compat (__init__.py:449) - loaded lazy attr 'BytesIO': <class '_io.BytesIO'>
2025-07-23 13:20:04,614 [DEBUG] passlib.registry (registry.py:296) - registered 'bcrypt' handler: <class 'passlib.handlers.bcrypt.bcrypt'>
2025-07-23 13:20:37,779 [DEBUG] passlib.utils.compat (__init__.py:449) - loaded lazy attr 'SafeConfigParser': <class 'configparser.ConfigParser'>
2025-07-23 13:20:37,779 [DEBUG] passlib.utils.compat (__init__.py:449) - loaded lazy attr 'NativeStringIO': <class '_io.StringIO'>
2025-07-23 13:20:37,779 [DEBUG] passlib.utils.compat (__init__.py:449) - loaded lazy attr 'BytesIO': <class '_io.BytesIO'>
2025-07-23 13:20:37,799 [DEBUG] passlib.registry (registry.py:296) - registered 'bcrypt' handler: <class 'passlib.handlers.bcrypt.bcrypt'>
2025-07-23 13:21:36,180 [DEBUG] passlib.utils.compat (__init__.py:449) - loaded lazy attr 'SafeConfigParser': <class 'configparser.ConfigParser'>
2025-07-23 13:21:36,180 [DEBUG] passlib.utils.compat (__init__.py:449) - loaded lazy attr 'NativeStringIO': <class '_io.StringIO'>
2025-07-23 13:21:36,180 [DEBUG] passlib.utils.compat (__init__.py:449) - loaded lazy attr 'BytesIO': <class '_io.BytesIO'>
2025-07-23 13:21:36,200 [DEBUG] passlib.registry (registry.py:296) - registered 'bcrypt' handler: <class 'passlib.handlers.bcrypt.bcrypt'>
2025-07-23 13:23:31,327 [DEBUG] passlib.utils.compat (__init__.py:449) - loaded lazy attr 'SafeConfigParser': <class 'configparser.ConfigParser'>
2025-07-23 13:23:31,327 [DEBUG] passlib.utils.compat (__init__.py:449) - loaded lazy attr 'NativeStringIO': <class '_io.StringIO'>
2025-07-23 13:23:31,327 [DEBUG] passlib.utils.compat (__init__.py:449) - loaded lazy attr 'BytesIO': <class '_io.BytesIO'>
2025-07-23 13:23:31,346 [DEBUG] passlib.registry (registry.py:296) - registered 'bcrypt' handler: <class 'passlib.handlers.bcrypt.bcrypt'>
2025-07-23 13:24:17,972 [DEBUG] passlib.utils.compat (__init__.py:449) - loaded lazy attr 'SafeConfigParser': <class 'configparser.ConfigParser'>
2025-07-23 13:24:17,972 [DEBUG] passlib.utils.compat (__init__.py:449) - loaded lazy attr 'NativeStringIO': <class '_io.StringIO'>
2025-07-23 13:24:17,972 [DEBUG] passlib.utils.compat (__init__.py:449) - loaded lazy attr 'BytesIO': <class '_io.BytesIO'>
2025-07-23 13:24:17,992 [DEBUG] passlib.registry (registry.py:296) - registered 'bcrypt' handler: <class 'passlib.handlers.bcrypt.bcrypt'>
